{"total": {"lines":{"total":441,"covered":408,"skipped":0,"pct":92.51},"statements":{"total":477,"covered":439,"skipped":0,"pct":92.03},"functions":{"total":97,"covered":91,"skipped":0,"pct":93.81},"branches":{"total":211,"covered":152,"skipped":0,"pct":72.03},"branchesTrue":{"total":0,"covered":0,"skipped":0,"pct":100}}
,"/home/runner/work/my-portfolio/my-portfolio/scripts/ci/detectPipelineScope.js": {"lines":{"total":27,"covered":26,"skipped":0,"pct":96.29},"functions":{"total":11,"covered":11,"skipped":0,"pct":100},"statements":{"total":35,"covered":34,"skipped":0,"pct":97.14},"branches":{"total":12,"covered":11,"skipped":0,"pct":91.66}}
,"/home/runner/work/my-portfolio/my-portfolio/scripts/ci/runPipelineScope.js": {"lines":{"total":25,"covered":23,"skipped":0,"pct":92},"functions":{"total":7,"covered":6,"skipped":0,"pct":85.71},"statements":{"total":29,"covered":27,"skipped":0,"pct":93.1},"branches":{"total":11,"covered":10,"skipped":0,"pct":90.9}}
,"/home/runner/work/my-portfolio/my-portfolio/scripts/docs/build_docs.js": {"lines":{"total":43,"covered":42,"skipped":0,"pct":97.67},"functions":{"total":5,"covered":5,"skipped":0,"pct":100},"statements":{"total":45,"covered":44,"skipped":0,"pct":97.77},"branches":{"total":11,"covered":6,"skipped":0,"pct":54.54}}
,"/home/runner/work/my-portfolio/my-portfolio/scripts/docs/build_mermaid.js": {"lines":{"total":73,"covered":50,"skipped":0,"pct":68.49},"functions":{"total":6,"covered":6,"skipped":0,"pct":100},"statements":{"total":78,"covered":53,"skipped":0,"pct":67.94},"branches":{"total":39,"covered":19,"skipped":0,"pct":48.71}}
,"/home/runner/work/my-portfolio/my-portfolio/scripts/docs/lib/htmlPostprocess.js": {"lines":{"total":5,"covered":5,"skipped":0,"pct":100},"functions":{"total":4,"covered":4,"skipped":0,"pct":100},"statements":{"total":5,"covered":5,"skipped":0,"pct":100},"branches":{"total":2,"covered":2,"skipped":0,"pct":100}}
,"/home/runner/work/my-portfolio/my-portfolio/scripts/docs/lib/markedConfig.js": {"lines":{"total":23,"covered":19,"skipped":0,"pct":82.6},"functions":{"total":4,"covered":4,"skipped":0,"pct":100},"statements":{"total":24,"covered":20,"skipped":0,"pct":83.33},"branches":{"total":24,"covered":12,"skipped":0,"pct":50}}
,"/home/runner/work/my-portfolio/my-portfolio/scripts/docs/lib/renderPages.js": {"lines":{"total":35,"covered":35,"skipped":0,"pct":100},"functions":{"total":3,"covered":3,"skipped":0,"pct":100},"statements":{"total":37,"covered":37,"skipped":0,"pct":100},"branches":{"total":14,"covered":14,"skipped":0,"pct":100}}
,"/home/runner/work/my-portfolio/my-portfolio/scripts/docs/lib/tocBuilder.js": {"lines":{"total":11,"covered":11,"skipped":0,"pct":100},"functions":{"total":2,"covered":2,"skipped":0,"pct":100},"statements":{"total":12,"covered":12,"skipped":0,"pct":100},"branches":{"total":4,"covered":4,"skipped":0,"pct":100}}
,"/home/runner/work/my-portfolio/my-portfolio/src/App.jsx": {"lines":{"total":1,"covered":1,"skipped":0,"pct":100},"functions":{"total":1,"covered":1,"skipped":0,"pct":100},"statements":{"total":1,"covered":1,"skipped":0,"pct":100},"branches":{"total":0,"covered":0,"skipped":0,"pct":100}}
,"/home/runner/work/my-portfolio/my-portfolio/src/index.jsx": {"lines":{"total":2,"covered":2,"skipped":0,"pct":100},"functions":{"total":0,"covered":0,"skipped":0,"pct":100},"statements":{"total":2,"covered":2,"skipped":0,"pct":100},"branches":{"total":0,"covered":0,"skipped":0,"pct":100}}
,"/home/runner/work/my-portfolio/my-portfolio/src/components/About/About.jsx": {"lines":{"total":10,"covered":10,"skipped":0,"pct":100},"functions":{"total":3,"covered":3,"skipped":0,"pct":100},"statements":{"total":10,"covered":10,"skipped":0,"pct":100},"branches":{"total":2,"covered":1,"skipped":0,"pct":50}}
,"/home/runner/work/my-portfolio/my-portfolio/src/components/About/CareerStrip.jsx": {"lines":{"total":8,"covered":8,"skipped":0,"pct":100},"functions":{"total":4,"covered":4,"skipped":0,"pct":100},"statements":{"total":9,"covered":9,"skipped":0,"pct":100},"branches":{"total":2,"covered":2,"skipped":0,"pct":100}}
,"/home/runner/work/my-portfolio/my-portfolio/src/components/Contact/Contact.jsx": {"lines":{"total":27,"covered":27,"skipped":0,"pct":100},"functions":{"total":4,"covered":4,"skipped":0,"pct":100},"statements":{"total":28,"covered":27,"skipped":0,"pct":96.42},"branches":{"total":24,"covered":20,"skipped":0,"pct":83.33}}
,"/home/runner/work/my-portfolio/my-portfolio/src/components/ErrorBoundary/ErrorBoundary.jsx": {"lines":{"total":7,"covered":7,"skipped":0,"pct":100},"functions":{"total":4,"covered":4,"skipped":0,"pct":100},"statements":{"total":7,"covered":7,"skipped":0,"pct":100},"branches":{"total":2,"covered":2,"skipped":0,"pct":100}}
,"/home/runner/work/my-portfolio/my-portfolio/src/components/Hero/Hero.jsx": {"lines":{"total":7,"covered":6,"skipped":0,"pct":85.71},"functions":{"total":4,"covered":3,"skipped":0,"pct":75},"statements":{"total":8,"covered":7,"skipped":0,"pct":87.5},"branches":{"total":0,"covered":0,"skipped":0,"pct":100}}
,"/home/runner/work/my-portfolio/my-portfolio/src/components/Legal/Legal.jsx": {"lines":{"total":3,"covered":3,"skipped":0,"pct":100},"functions":{"total":1,"covered":1,"skipped":0,"pct":100},"statements":{"total":3,"covered":3,"skipped":0,"pct":100},"branches":{"total":0,"covered":0,"skipped":0,"pct":100}}
,"/home/runner/work/my-portfolio/my-portfolio/src/components/Projects/ProjectCard.jsx": {"lines":{"total":16,"covered":16,"skipped":0,"pct":100},"functions":{"total":8,"covered":5,"skipped":0,"pct":62.5},"statements":{"total":18,"covered":16,"skipped":0,"pct":88.88},"branches":{"total":34,"covered":25,"skipped":0,"pct":73.52}}
,"/home/runner/work/my-portfolio/my-portfolio/src/components/Projects/ProjectSummary.jsx": {"lines":{"total":4,"covered":4,"skipped":0,"pct":100},"functions":{"total":1,"covered":1,"skipped":0,"pct":100},"statements":{"total":4,"covered":4,"skipped":0,"pct":100},"branches":{"total":2,"covered":2,"skipped":0,"pct":100}}
,"/home/runner/work/my-portfolio/my-portfolio/src/components/Projects/Projects.jsx": {"lines":{"total":5,"covered":5,"skipped":0,"pct":100},"functions":{"total":2,"covered":2,"skipped":0,"pct":100},"statements":{"total":5,"covered":5,"skipped":0,"pct":100},"branches":{"total":2,"covered":1,"skipped":0,"pct":50}}
,"/home/runner/work/my-portfolio/my-portfolio/src/components/Projects/projectsUtils.js": {"lines":{"total":4,"covered":4,"skipped":0,"pct":100},"functions":{"total":1,"covered":1,"skipped":0,"pct":100},"statements":{"total":4,"covered":4,"skipped":0,"pct":100},"branches":{"total":2,"covered":2,"skipped":0,"pct":100}}
,"/home/runner/work/my-portfolio/my-portfolio/src/components/Sidebar/Sidebar.jsx": {"lines":{"total":18,"covered":18,"skipped":0,"pct":100},"functions":{"total":7,"covered":7,"skipped":0,"pct":100},"statements":{"total":20,"covered":20,"skipped":0,"pct":100},"branches":{"total":4,"covered":4,"skipped":0,"pct":100}}
,"/home/runner/work/my-portfolio/my-portfolio/src/components/Sidebar/SidebarMenu.jsx": {"lines":{"total":10,"covered":10,"skipped":0,"pct":100},"functions":{"total":4,"covered":4,"skipped":0,"pct":100},"statements":{"total":10,"covered":10,"skipped":0,"pct":100},"branches":{"total":10,"covered":7,"skipped":0,"pct":70}}
,"/home/runner/work/my-portfolio/my-portfolio/src/components/Sidebar/SidebarStyles.js": {"lines":{"total":9,"covered":9,"skipped":0,"pct":100},"functions":{"total":0,"covered":0,"skipped":0,"pct":100},"statements":{"total":9,"covered":9,"skipped":0,"pct":100},"branches":{"total":0,"covered":0,"skipped":0,"pct":100}}
,"/home/runner/work/my-portfolio/my-portfolio/src/components/Skills/Skills.jsx": {"lines":{"total":5,"covered":5,"skipped":0,"pct":100},"functions":{"total":3,"covered":3,"skipped":0,"pct":100},"statements":{"total":5,"covered":5,"skipped":0,"pct":100},"branches":{"total":0,"covered":0,"skipped":0,"pct":100}}
,"/home/runner/work/my-portfolio/my-portfolio/src/context/ThemeContext.jsx": {"lines":{"total":15,"covered":15,"skipped":0,"pct":100},"functions":{"total":7,"covered":6,"skipped":0,"pct":85.71},"statements":{"total":20,"covered":20,"skipped":0,"pct":100},"branches":{"total":6,"covered":5,"skipped":0,"pct":83.33}}
,"/home/runner/work/my-portfolio/my-portfolio/src/data/cvAssets.config.js": {"lines":{"total":2,"covered":2,"skipped":0,"pct":100},"functions":{"total":1,"covered":1,"skipped":0,"pct":100},"statements":{"total":3,"covered":3,"skipped":0,"pct":100},"branches":{"total":4,"covered":3,"skipped":0,"pct":75}}
,"/home/runner/work/my-portfolio/my-portfolio/src/data/projects.config.js": {"lines":{"total":1,"covered":0,"skipped":0,"pct":0},"functions":{"total":0,"covered":0,"skipped":0,"pct":100},"statements":{"total":1,"covered":0,"skipped":0,"pct":0},"branches":{"total":0,"covered":0,"skipped":0,"pct":100}}
,"/home/runner/work/my-portfolio/my-portfolio/src/data/skills.config.js": {"lines":{"total":1,"covered":1,"skipped":0,"pct":100},"functions":{"total":0,"covered":0,"skipped":0,"pct":100},"statements":{"total":1,"covered":1,"skipped":0,"pct":100},"branches":{"total":0,"covered":0,"skipped":0,"pct":100}}
,"/home/runner/work/my-portfolio/my-portfolio/src/i18n/index.js": {"lines":{"total":1,"covered":1,"skipped":0,"pct":100},"functions":{"total":0,"covered":0,"skipped":0,"pct":100},"statements":{"total":1,"covered":1,"skipped":0,"pct":100},"branches":{"total":0,"covered":0,"skipped":0,"pct":100}}
,"/home/runner/work/my-portfolio/my-portfolio/src/i18n/locales/de.json": {"lines":{"total":21,"covered":21,"skipped":0,"pct":100},"functions":{"total":0,"covered":0,"skipped":0,"pct":100},"statements":{"total":21,"covered":21,"skipped":0,"pct":100},"branches":{"total":0,"covered":0,"skipped":0,"pct":100}}
,"/home/runner/work/my-portfolio/my-portfolio/src/i18n/locales/en.json": {"lines":{"total":21,"covered":21,"skipped":0,"pct":100},"functions":{"total":0,"covered":0,"skipped":0,"pct":100},"statements":{"total":21,"covered":21,"skipped":0,"pct":100},"branches":{"total":0,"covered":0,"skipped":0,"pct":100}}
,"/home/runner/work/my-portfolio/my-portfolio/src/styles/GlobalStyles.js": {"lines":{"total":1,"covered":1,"skipped":0,"pct":100},"functions":{"total":0,"covered":0,"skipped":0,"pct":100},"statements":{"total":1,"covered":1,"skipped":0,"pct":100},"branches":{"total":0,"covered":0,"skipped":0,"pct":100}}
}
