{"total": {"lines":{"total":378,"covered":202,"skipped":0,"pct":53.43},"statements":{"total":412,"covered":219,"skipped":0,"pct":53.15},"functions":{"total":90,"covered":61,"skipped":0,"pct":67.77},"branches":{"total":199,"covered":96,"skipped":0,"pct":48.24},"branchesTrue":{"total":0,"covered":0,"skipped":0,"pct":100}}
,"/home/runner/work/my-portfolio/my-portfolio/config/jest/fileMock.js": {"lines":{"total":1,"covered":1,"skipped":0,"pct":100},"functions":{"total":0,"covered":0,"skipped":0,"pct":100},"statements":{"total":1,"covered":1,"skipped":0,"pct":100},"branches":{"total":0,"covered":0,"skipped":0,"pct":100}}
,"/home/runner/work/my-portfolio/my-portfolio/config/jest/react-dom-test-utils.js": {"lines":{"total":4,"covered":4,"skipped":0,"pct":100},"functions":{"total":1,"covered":1,"skipped":0,"pct":100},"statements":{"total":5,"covered":5,"skipped":0,"pct":100},"branches":{"total":2,"covered":2,"skipped":0,"pct":100}}
,"/home/runner/work/my-portfolio/my-portfolio/config/jest/speedInsightsMock.js": {"lines":{"total":2,"covered":2,"skipped":0,"pct":100},"functions":{"total":1,"covered":1,"skipped":0,"pct":100},"statements":{"total":3,"covered":3,"skipped":0,"pct":100},"branches":{"total":0,"covered":0,"skipped":0,"pct":100}}
,"/home/runner/work/my-portfolio/my-portfolio/config/jest/styleMock.js": {"lines":{"total":1,"covered":1,"skipped":0,"pct":100},"functions":{"total":0,"covered":0,"skipped":0,"pct":100},"statements":{"total":1,"covered":1,"skipped":0,"pct":100},"branches":{"total":0,"covered":0,"skipped":0,"pct":100}}
,"/home/runner/work/my-portfolio/my-portfolio/scripts/run-eslint-dev.js": {"lines":{"total":6,"covered":6,"skipped":0,"pct":100},"functions":{"total":0,"covered":0,"skipped":0,"pct":100},"statements":{"total":6,"covered":6,"skipped":0,"pct":100},"branches":{"total":2,"covered":2,"skipped":0,"pct":100}}
,"/home/runner/work/my-portfolio/my-portfolio/scripts/ci/detectPipelineScope.js": {"lines":{"total":29,"covered":20,"skipped":0,"pct":68.96},"functions":{"total":12,"covered":8,"skipped":0,"pct":66.66},"statements":{"total":38,"covered":26,"skipped":0,"pct":68.42},"branches":{"total":13,"covered":10,"skipped":0,"pct":76.92}}
,"/home/runner/work/my-portfolio/my-portfolio/scripts/docs/build_docs.js": {"lines":{"total":94,"covered":0,"skipped":0,"pct":0},"functions":{"total":14,"covered":0,"skipped":0,"pct":0},"statements":{"total":100,"covered":0,"skipped":0,"pct":0},"branches":{"total":46,"covered":0,"skipped":0,"pct":0}}
,"/home/runner/work/my-portfolio/my-portfolio/scripts/docs/build_mermaid.js": {"lines":{"total":71,"covered":0,"skipped":0,"pct":0},"functions":{"total":6,"covered":0,"skipped":0,"pct":0},"statements":{"total":76,"covered":0,"skipped":0,"pct":0},"branches":{"total":34,"covered":0,"skipped":0,"pct":0}}
,"/home/runner/work/my-portfolio/my-portfolio/src/App.js": {"lines":{"total":1,"covered":1,"skipped":0,"pct":100},"functions":{"total":1,"covered":1,"skipped":0,"pct":100},"statements":{"total":1,"covered":1,"skipped":0,"pct":100},"branches":{"total":0,"covered":0,"skipped":0,"pct":100}}
,"/home/runner/work/my-portfolio/my-portfolio/src/i18n.js": {"lines":{"total":1,"covered":1,"skipped":0,"pct":100},"functions":{"total":0,"covered":0,"skipped":0,"pct":100},"statements":{"total":1,"covered":1,"skipped":0,"pct":100},"branches":{"total":0,"covered":0,"skipped":0,"pct":100}}
,"/home/runner/work/my-portfolio/my-portfolio/src/index.js": {"lines":{"total":2,"covered":2,"skipped":0,"pct":100},"functions":{"total":0,"covered":0,"skipped":0,"pct":100},"statements":{"total":2,"covered":2,"skipped":0,"pct":100},"branches":{"total":0,"covered":0,"skipped":0,"pct":100}}
,"/home/runner/work/my-portfolio/my-portfolio/src/components/ErrorBoundary.js": {"lines":{"total":7,"covered":7,"skipped":0,"pct":100},"functions":{"total":4,"covered":4,"skipped":0,"pct":100},"statements":{"total":7,"covered":7,"skipped":0,"pct":100},"branches":{"total":2,"covered":2,"skipped":0,"pct":100}}
,"/home/runner/work/my-portfolio/my-portfolio/src/components/About/About.js": {"lines":{"total":10,"covered":10,"skipped":0,"pct":100},"functions":{"total":3,"covered":3,"skipped":0,"pct":100},"statements":{"total":10,"covered":10,"skipped":0,"pct":100},"branches":{"total":2,"covered":1,"skipped":0,"pct":50}}
,"/home/runner/work/my-portfolio/my-portfolio/src/components/About/CareerStrip.js": {"lines":{"total":8,"covered":8,"skipped":0,"pct":100},"functions":{"total":4,"covered":4,"skipped":0,"pct":100},"statements":{"total":9,"covered":9,"skipped":0,"pct":100},"branches":{"total":2,"covered":2,"skipped":0,"pct":100}}
,"/home/runner/work/my-portfolio/my-portfolio/src/components/Contact/Contact.js": {"lines":{"total":27,"covered":27,"skipped":0,"pct":100},"functions":{"total":4,"covered":4,"skipped":0,"pct":100},"statements":{"total":28,"covered":27,"skipped":0,"pct":96.42},"branches":{"total":24,"covered":20,"skipped":0,"pct":83.33}}
,"/home/runner/work/my-portfolio/my-portfolio/src/components/Hero/Hero.js": {"lines":{"total":8,"covered":7,"skipped":0,"pct":87.5},"functions":{"total":4,"covered":3,"skipped":0,"pct":75},"statements":{"total":9,"covered":8,"skipped":0,"pct":88.88},"branches":{"total":4,"covered":3,"skipped":0,"pct":75}}
,"/home/runner/work/my-portfolio/my-portfolio/src/components/Legal/Legal.js": {"lines":{"total":3,"covered":3,"skipped":0,"pct":100},"functions":{"total":1,"covered":1,"skipped":0,"pct":100},"statements":{"total":3,"covered":3,"skipped":0,"pct":100},"branches":{"total":0,"covered":0,"skipped":0,"pct":100}}
,"/home/runner/work/my-portfolio/my-portfolio/src/components/Projects/ProjectCard.js": {"lines":{"total":16,"covered":16,"skipped":0,"pct":100},"functions":{"total":8,"covered":5,"skipped":0,"pct":62.5},"statements":{"total":18,"covered":16,"skipped":0,"pct":88.88},"branches":{"total":34,"covered":25,"skipped":0,"pct":73.52}}
,"/home/runner/work/my-portfolio/my-portfolio/src/components/Projects/ProjectSummary.js": {"lines":{"total":4,"covered":4,"skipped":0,"pct":100},"functions":{"total":1,"covered":1,"skipped":0,"pct":100},"statements":{"total":4,"covered":4,"skipped":0,"pct":100},"branches":{"total":2,"covered":2,"skipped":0,"pct":100}}
,"/home/runner/work/my-portfolio/my-portfolio/src/components/Projects/Projects.js": {"lines":{"total":5,"covered":5,"skipped":0,"pct":100},"functions":{"total":2,"covered":2,"skipped":0,"pct":100},"statements":{"total":5,"covered":5,"skipped":0,"pct":100},"branches":{"total":2,"covered":1,"skipped":0,"pct":50}}
,"/home/runner/work/my-portfolio/my-portfolio/src/components/Projects/projectsUtils.js": {"lines":{"total":4,"covered":4,"skipped":0,"pct":100},"functions":{"total":1,"covered":1,"skipped":0,"pct":100},"statements":{"total":4,"covered":4,"skipped":0,"pct":100},"branches":{"total":2,"covered":2,"skipped":0,"pct":100}}
,"/home/runner/work/my-portfolio/my-portfolio/src/components/Sidebar/Sidebar.js": {"lines":{"total":18,"covered":18,"skipped":0,"pct":100},"functions":{"total":7,"covered":7,"skipped":0,"pct":100},"statements":{"total":20,"covered":20,"skipped":0,"pct":100},"branches":{"total":4,"covered":4,"skipped":0,"pct":100}}
,"/home/runner/work/my-portfolio/my-portfolio/src/components/Sidebar/SidebarMenu.js": {"lines":{"total":10,"covered":10,"skipped":0,"pct":100},"functions":{"total":4,"covered":4,"skipped":0,"pct":100},"statements":{"total":10,"covered":10,"skipped":0,"pct":100},"branches":{"total":12,"covered":9,"skipped":0,"pct":75}}
,"/home/runner/work/my-portfolio/my-portfolio/src/components/Sidebar/SidebarStyles.js": {"lines":{"total":9,"covered":9,"skipped":0,"pct":100},"functions":{"total":0,"covered":0,"skipped":0,"pct":100},"statements":{"total":9,"covered":9,"skipped":0,"pct":100},"branches":{"total":0,"covered":0,"skipped":0,"pct":100}}
,"/home/runner/work/my-portfolio/my-portfolio/src/components/Skills/Skills.js": {"lines":{"total":5,"covered":5,"skipped":0,"pct":100},"functions":{"total":3,"covered":3,"skipped":0,"pct":100},"statements":{"total":5,"covered":5,"skipped":0,"pct":100},"branches":{"total":0,"covered":0,"skipped":0,"pct":100}}
,"/home/runner/work/my-portfolio/my-portfolio/src/context/ThemeContext.js": {"lines":{"total":15,"covered":15,"skipped":0,"pct":100},"functions":{"total":7,"covered":6,"skipped":0,"pct":85.71},"statements":{"total":20,"covered":20,"skipped":0,"pct":100},"branches":{"total":6,"covered":5,"skipped":0,"pct":83.33}}
,"/home/runner/work/my-portfolio/my-portfolio/src/data/projects.config.js": {"lines":{"total":1,"covered":0,"skipped":0,"pct":0},"functions":{"total":0,"covered":0,"skipped":0,"pct":100},"statements":{"total":1,"covered":0,"skipped":0,"pct":0},"branches":{"total":0,"covered":0,"skipped":0,"pct":100}}
,"/home/runner/work/my-portfolio/my-portfolio/src/data/skills.config.js": {"lines":{"total":1,"covered":1,"skipped":0,"pct":100},"functions":{"total":0,"covered":0,"skipped":0,"pct":100},"statements":{"total":1,"covered":1,"skipped":0,"pct":100},"branches":{"total":0,"covered":0,"skipped":0,"pct":100}}
,"/home/runner/work/my-portfolio/my-portfolio/src/styles/GlobalStyles.js": {"lines":{"total":1,"covered":1,"skipped":0,"pct":100},"functions":{"total":0,"covered":0,"skipped":0,"pct":100},"statements":{"total":1,"covered":1,"skipped":0,"pct":100},"branches":{"total":0,"covered":0,"skipped":0,"pct":100}}
,"/home/runner/work/my-portfolio/my-portfolio/src/utils/githubApi.js": {"lines":{"total":14,"covered":14,"skipped":0,"pct":100},"functions":{"total":2,"covered":2,"skipped":0,"pct":100},"statements":{"total":14,"covered":14,"skipped":0,"pct":100},"branches":{"total":6,"covered":6,"skipped":0,"pct":100}}
}
