TN:
SF:config/jest/fileMock.js
FNF:0
FNH:0
DA:2,3
LF:1
LH:1
BRF:0
BRH:0
end_of_record
TN:
SF:config/jest/react-dom-test-utils.js
FN:7,noop
FNF:1
FNH:1
FNDA:1,noop
DA:2,18
DA:3,18
DA:4,17
DA:7,1
LF:4
LH:4
BRDA:7,0,0,1
BRDA:7,0,1,1
BRF:2
BRH:2
end_of_record
TN:
SF:config/jest/speedInsightsMock.js
FN:2,(anonymous_0)
FNF:1
FNH:1
FNDA:11,(anonymous_0)
DA:2,11
DA:4,2
LF:2
LH:2
BRF:0
BRH:0
end_of_record
TN:
SF:config/jest/styleMock.js
FNF:0
FNH:0
DA:2,9
LF:1
LH:1
BRF:0
BRH:0
end_of_record
TN:
SF:scripts/run-eslint-dev.js
FNF:0
FNH:0
DA:12,5
DA:15,5
DA:17,5
DA:18,5
DA:19,3
DA:21,2
LF:6
LH:6
BRDA:21,0,0,2
BRDA:21,0,1,1
BRF:2
BRH:2
end_of_record
TN:
SF:scripts/ci/detectPipelineScope.js
FN:24,(anonymous_0)
FN:25,(anonymous_1)
FN:26,(anonymous_2)
FN:27,(anonymous_3)
FN:33,resolveScope
FN:35,(anonymous_5)
FN:39,(anonymous_6)
FN:49,runCli
FN:51,(anonymous_8)
FN:55,(anonymous_9)
FN:59,(anonymous_10)
FNF:11
FNH:7
FNDA:9,(anonymous_0)
FNDA:9,(anonymous_1)
FNDA:7,(anonymous_2)
FNDA:19,(anonymous_3)
FNDA:10,resolveScope
FNDA:9,(anonymous_5)
FNDA:9,(anonymous_6)
FNDA:0,runCli
FNDA:0,(anonymous_8)
FNDA:0,(anonymous_9)
FNDA:0,(anonymous_10)
DA:16,2
DA:18,2
DA:19,2
DA:20,2
DA:21,2
DA:22,2
DA:24,9
DA:25,9
DA:26,7
DA:27,19
DA:34,10
DA:35,9
DA:37,10
DA:38,10
DA:39,10
DA:41,10
DA:50,0
DA:51,0
DA:52,0
DA:54,0
DA:55,0
DA:56,0
DA:57,0
DA:59,0
DA:63,2
DA:64,0
DA:67,2
LF:27
LH:18
BRDA:25,0,0,9
BRDA:25,0,1,3
BRDA:27,1,0,19
BRDA:27,1,1,14
BRDA:35,2,0,9
BRDA:35,2,1,7
BRDA:37,3,0,10
BRDA:37,3,1,7
BRDA:56,4,0,0
BRDA:56,4,1,0
BRDA:63,5,0,0
BRDA:63,5,1,2
BRF:12
BRH:9
end_of_record
TN:
SF:scripts/ci/runPipelineScope.js
FN:29,resolveChangedFiles
FN:29,(anonymous_1)
FN:35,(anonymous_2)
FN:47,resolveScopeForRange
FN:55,runCli
FN:60,(anonymous_5)
FN:64,(anonymous_6)
FNF:7
FNH:3
FNDA:8,resolveChangedFiles
FNDA:0,(anonymous_1)
FNDA:10,(anonymous_2)
FNDA:2,resolveScopeForRange
FNDA:0,runCli
FNDA:0,(anonymous_5)
FNDA:0,(anonymous_6)
DA:16,1
DA:17,1
DA:18,1
DA:20,1
DA:29,0
DA:30,8
DA:32,6
DA:33,6
DA:34,4
DA:35,10
DA:37,3
DA:48,2
DA:49,2
DA:50,1
DA:52,1
DA:56,0
DA:57,0
DA:59,0
DA:60,0
DA:61,0
DA:62,0
DA:64,0
DA:68,1
DA:69,0
DA:72,1
LF:25
LH:16
BRDA:29,0,0,0
BRDA:30,1,0,2
BRDA:30,1,1,6
BRDA:30,2,0,8
BRDA:30,2,1,7
BRDA:49,3,0,1
BRDA:49,3,1,1
BRDA:61,4,0,0
BRDA:61,4,1,0
BRDA:68,5,0,0
BRDA:68,5,1,1
BRF:11
BRH:7
end_of_record
TN:
SF:scripts/docs/build_docs.js
FN:77,(anonymous_0)
FN:87,slugify
FN:100,(anonymous_2)
FN:120,wrapMermaid
FN:123,(anonymous_4)
FN:132,rewriteLinks
FN:135,(anonymous_6)
FN:147,buildToc
FN:159,(anonymous_8)
FN:170,convertMd
FN:195,adjustTemplate
FN:207,processDir
FN:243,run
FN:264,(anonymous_13)
FNF:14
FNH:0
FNDA:0,(anonymous_0)
FNDA:0,slugify
FNDA:0,(anonymous_2)
FNDA:0,wrapMermaid
FNDA:0,(anonymous_4)
FNDA:0,rewriteLinks
FNDA:0,(anonymous_6)
FNDA:0,buildToc
FNDA:0,(anonymous_8)
FNDA:0,convertMd
FNDA:0,adjustTemplate
FNDA:0,processDir
FNDA:0,run
FNDA:0,(anonymous_13)
DA:28,0
DA:29,0
DA:36,0
DA:37,0
DA:39,0
DA:43,0
DA:48,0
DA:52,0
DA:53,0
DA:54,0
DA:58,0
DA:65,0
DA:66,0
DA:67,0
DA:70,0
DA:71,0
DA:72,0
DA:73,0
DA:76,0
DA:77,0
DA:78,0
DA:81,0
DA:88,0
DA:96,0
DA:97,0
DA:100,0
DA:101,0
DA:102,0
DA:103,0
DA:104,0
DA:107,0
DA:108,0
DA:121,0
DA:124,0
DA:133,0
DA:135,0
DA:148,0
DA:149,0
DA:152,0
DA:153,0
DA:156,0
DA:158,0
DA:159,0
DA:160,0
DA:162,0
DA:163,0
DA:171,0
DA:172,0
DA:173,0
DA:175,0
DA:176,0
DA:177,0
DA:180,0
DA:196,0
DA:197,0
DA:198,0
DA:208,0
DA:210,0
DA:211,0
DA:213,0
DA:214,0
DA:217,0
DA:218,0
DA:219,0
DA:220,0
DA:221,0
DA:223,0
DA:226,0
DA:227,0
DA:228,0
DA:229,0
DA:230,0
DA:231,0
DA:233,0
DA:245,0
DA:246,0
DA:247,0
DA:248,0
DA:252,0
DA:253,0
DA:254,0
DA:255,0
DA:258,0
DA:259,0
DA:262,0
DA:263,0
DA:264,0
DA:265,0
DA:266,0
DA:269,0
DA:272,0
DA:273,0
DA:275,0
DA:278,0
LF:94
LH:0
BRDA:48,0,0,0
BRDA:48,0,1,0
BRDA:49,1,0,0
BRDA:49,1,1,0
BRDA:50,2,0,0
BRDA:50,2,1,0
BRDA:52,3,0,0
BRDA:52,3,1,0
BRDA:58,4,0,0
BRDA:58,4,1,0
BRDA:58,4,2,0
BRDA:96,5,0,0
BRDA:96,5,1,0
BRDA:101,6,0,0
BRDA:101,6,1,0
BRDA:102,7,0,0
BRDA:102,7,1,0
BRDA:107,8,0,0
BRDA:107,8,1,0
BRDA:107,8,2,0
BRDA:108,9,0,0
BRDA:108,9,1,0
BRDA:135,10,0,0
BRDA:135,10,1,0
BRDA:156,11,0,0
BRDA:156,11,1,0
BRDA:160,12,0,0
BRDA:160,12,1,0
BRDA:173,13,0,0
BRDA:173,13,1,0
BRDA:196,14,0,0
BRDA:196,14,1,0
BRDA:219,15,0,0
BRDA:219,15,1,0
BRDA:220,16,0,0
BRDA:220,16,1,0
BRDA:221,17,0,0
BRDA:221,17,1,0
BRDA:223,18,0,0
BRDA:223,18,1,0
BRDA:223,19,0,0
BRDA:223,19,1,0
BRDA:246,20,0,0
BRDA:246,20,1,0
BRDA:263,21,0,0
BRDA:263,21,1,0
BRF:46
BRH:0
end_of_record
TN:
SF:scripts/docs/build_mermaid.js
FN:53,findMmdc
FN:80,extractBlocks
FN:95,renderDiagram
FN:118,processFile
FN:148,collectHtmlFiles
FN:166,run
FNF:6
FNH:0
FNDA:0,findMmdc
FNDA:0,extractBlocks
FNDA:0,renderDiagram
FNDA:0,processFile
FNDA:0,collectHtmlFiles
FNDA:0,run
DA:31,0
DA:32,0
DA:33,0
DA:34,0
DA:40,0
DA:46,0
DA:47,0
DA:55,0
DA:56,0
DA:59,0
DA:60,0
DA:61,0
DA:62,0
DA:67,0
DA:82,0
DA:83,0
DA:85,0
DA:86,0
DA:88,0
DA:96,0
DA:97,0
DA:98,0
DA:100,0
DA:101,0
DA:102,0
DA:103,0
DA:105,0
DA:110,0
DA:119,0
DA:120,0
DA:122,0
DA:124,0
DA:126,0
DA:127,0
DA:128,0
DA:129,0
DA:130,0
DA:131,0
DA:133,0
DA:137,0
DA:138,0
DA:141,0
DA:149,0
DA:150,0
DA:151,0
DA:153,0
DA:154,0
DA:155,0
DA:156,0
DA:159,0
DA:167,0
DA:169,0
DA:171,0
DA:172,0
DA:180,0
DA:183,0
DA:185,0
DA:186,0
DA:187,0
DA:189,0
DA:190,0
DA:191,0
DA:192,0
DA:193,0
DA:194,0
DA:195,0
DA:196,0
DA:200,0
DA:201,0
DA:203,0
DA:210,0
LF:71
LH:0
BRDA:56,0,0,0
BRDA:56,0,1,0
BRDA:60,1,0,0
BRDA:60,1,1,0
BRDA:62,2,0,0
BRDA:62,2,1,0
BRDA:122,3,0,0
BRDA:122,3,1,0
BRDA:137,4,0,0
BRDA:137,4,1,0
BRDA:137,5,0,0
BRDA:137,5,1,0
BRDA:151,6,0,0
BRDA:151,6,1,0
BRDA:153,7,0,0
BRDA:153,7,1,0
BRDA:155,8,0,0
BRDA:155,8,1,0
BRDA:167,9,0,0
BRDA:167,9,1,0
BRDA:171,10,0,0
BRDA:171,10,1,0
BRDA:191,11,0,0
BRDA:191,11,1,0
BRDA:193,12,0,0
BRDA:193,12,1,0
BRDA:194,13,0,0
BRDA:194,13,1,0
BRDA:200,14,0,0
BRDA:200,14,1,0
BRDA:204,15,0,0
BRDA:204,15,1,0
BRDA:205,16,0,0
BRDA:205,16,1,0
BRF:34
BRH:0
end_of_record
TN:
SF:src/App.js
FN:31,App
FNF:1
FNH:1
FNDA:8,App
DA:32,8
LF:1
LH:1
BRF:0
BRH:0
end_of_record
TN:
SF:src/index.js
FNF:0
FNH:0
DA:16,1
DA:17,1
LF:2
LH:2
BRF:0
BRH:0
end_of_record
TN:
SF:src/components/About/About.js
FN:25,(anonymous_0)
FN:28,(anonymous_1)
FN:47,(anonymous_2)
FNF:3
FNH:3
FNDA:11,(anonymous_0)
FNDA:1,(anonymous_1)
FNDA:44,(anonymous_2)
DA:20,2
DA:25,2
DA:26,11
DA:28,11
DA:29,1
DA:30,1
DA:31,1
DA:32,1
DA:36,11
DA:48,44
LF:10
LH:10
BRDA:30,0,0,1
BRDA:30,0,1,0
BRF:2
BRH:1
end_of_record
TN:
SF:src/components/About/CareerStrip.js
FN:15,(anonymous_0)
FN:20,(anonymous_1)
FN:29,(anonymous_2)
FN:35,(anonymous_3)
FNF:4
FNH:4
FNDA:11,(anonymous_0)
FNDA:22,(anonymous_1)
FNDA:6,(anonymous_2)
FNDA:3,(anonymous_3)
DA:15,2
DA:16,11
DA:20,22
DA:21,11
DA:22,11
DA:24,11
DA:29,6
DA:35,3
LF:8
LH:8
BRDA:20,0,0,6
BRDA:20,0,1,16
BRF:2
BRH:2
end_of_record
TN:
SF:src/components/Contact/Contact.js
FN:22,(anonymous_0)
FN:29,(anonymous_1)
FN:72,(anonymous_2)
FN:106,(anonymous_3)
FNF:4
FNH:4
FNDA:26,(anonymous_0)
FNDA:3,(anonymous_1)
FNDA:1,(anonymous_2)
FNDA:5,(anonymous_3)
DA:22,2
DA:23,26
DA:24,26
DA:25,26
DA:27,26
DA:29,26
DA:30,3
DA:31,3
DA:32,3
DA:36,3
DA:37,3
DA:38,3
DA:39,3
DA:48,3
DA:49,3
DA:54,2
DA:55,2
DA:56,1
DA:57,1
DA:58,1
DA:60,1
DA:63,1
DA:72,26
DA:73,1
DA:74,1
DA:77,26
DA:106,5
LF:27
LH:27
BRDA:27,0,0,26
BRDA:27,0,1,26
BRDA:31,1,0,0
BRDA:31,1,1,3
BRDA:31,2,0,3
BRDA:31,2,1,3
BRDA:38,3,0,3
BRDA:38,3,1,0
BRDA:42,4,0,3
BRDA:42,4,1,0
BRDA:43,5,0,3
BRDA:43,5,1,0
BRDA:44,6,0,3
BRDA:44,6,1,3
BRDA:55,7,0,1
BRDA:55,7,1,1
BRDA:114,8,0,26
BRDA:114,8,1,10
BRDA:115,9,0,3
BRDA:115,9,1,23
BRDA:119,10,0,26
BRDA:119,10,1,1
BRDA:122,11,0,26
BRDA:122,11,1,2
BRF:24
BRH:20
end_of_record
TN:
SF:src/components/ErrorBoundary/ErrorBoundary.js
FN:15,(anonymous_0)
FN:20,(anonymous_1)
FN:24,(anonymous_2)
FN:28,(anonymous_3)
FNF:4
FNH:4
FNDA:3,(anonymous_0)
FNDA:2,(anonymous_1)
FNDA:1,(anonymous_2)
FNDA:5,(anonymous_3)
DA:16,3
DA:17,3
DA:21,2
DA:25,1
DA:29,5
DA:30,2
DA:38,3
LF:7
LH:7
BRDA:29,0,0,2
BRDA:29,0,1,3
BRF:2
BRH:2
end_of_record
TN:
SF:src/components/Hero/Hero.js
FN:19,(anonymous_0)
FN:23,(anonymous_1)
FN:34,(anonymous_2)
FN:40,(anonymous_3)
FNF:4
FNH:3
FNDA:11,(anonymous_0)
FNDA:1,(anonymous_1)
FNDA:1,(anonymous_2)
FNDA:0,(anonymous_3)
DA:19,2
DA:20,11
DA:21,11
DA:23,11
DA:25,11
DA:34,1
DA:40,0
LF:7
LH:6
BRF:0
BRH:0
end_of_record
TN:
SF:src/components/Legal/Legal.js
FN:19,(anonymous_0)
FNF:1
FNH:1
FNDA:9,(anonymous_0)
DA:19,2
DA:20,9
DA:21,9
LF:3
LH:3
BRF:0
BRH:0
end_of_record
TN:
SF:src/components/Projects/ProjectCard.js
FN:20,(anonymous_0)
FN:20,(anonymous_1)
FN:36,(anonymous_2)
FN:42,(anonymous_3)
FN:53,(anonymous_4)
FN:53,(anonymous_5)
FN:61,(anonymous_6)
FN:94,(anonymous_7)
FNF:8
FNH:5
FNDA:9,(anonymous_0)
FNDA:0,(anonymous_1)
FNDA:2,(anonymous_2)
FNDA:0,(anonymous_3)
FNDA:1,(anonymous_4)
FNDA:0,(anonymous_5)
FNDA:18,(anonymous_6)
FNDA:4,(anonymous_7)
DA:20,1
DA:21,9
DA:26,9
DA:27,9
DA:28,9
DA:30,9
DA:36,9
DA:37,2
DA:38,2
DA:39,1
DA:40,1
DA:42,2
DA:45,9
DA:53,1
DA:62,18
DA:95,4
LF:16
LH:16
BRDA:20,0,0,9
BRDA:20,1,0,8
BRDA:27,2,0,3
BRDA:27,2,1,6
BRDA:27,3,0,9
BRDA:27,3,1,0
BRDA:28,4,0,9
BRDA:28,4,1,9
BRDA:28,4,2,0
BRDA:30,5,0,9
BRDA:30,5,1,0
BRDA:30,5,2,0
BRDA:30,5,3,0
BRDA:30,5,4,0
BRDA:30,5,5,0
BRDA:38,6,0,1
BRDA:38,6,1,1
BRDA:46,7,0,0
BRDA:46,7,1,9
BRDA:51,8,0,0
BRDA:51,8,1,9
BRDA:66,9,0,9
BRDA:66,9,1,1
BRDA:71,10,0,9
BRDA:71,10,1,1
BRDA:79,11,0,9
BRDA:79,11,1,1
BRDA:84,12,0,9
BRDA:84,12,1,1
BRDA:92,13,0,9
BRDA:92,13,1,2
BRDA:92,13,2,2
BRDA:97,14,0,2
BRDA:97,14,1,2
BRF:34
BRH:25
end_of_record
TN:
SF:src/components/Projects/ProjectSummary.js
FN:12,(anonymous_0)
FNF:1
FNH:1
FNDA:9,(anonymous_0)
DA:12,1
DA:13,9
DA:14,9
DA:15,9
LF:4
LH:4
BRDA:14,0,0,2
BRDA:14,0,1,7
BRF:2
BRH:2
end_of_record
TN:
SF:src/components/Projects/Projects.js
FN:19,(anonymous_0)
FN:27,(anonymous_1)
FNF:2
FNH:2
FNDA:2,(anonymous_0)
FNDA:4,(anonymous_1)
DA:19,1
DA:20,2
DA:21,2
DA:23,2
DA:28,4
LF:5
LH:5
BRDA:29,0,0,4
BRDA:29,0,1,0
BRF:2
BRH:1
end_of_record
TN:
SF:src/components/Projects/projectsUtils.js
FN:8,(anonymous_0)
FNF:1
FNH:1
FNDA:3,(anonymous_0)
DA:8,2
DA:9,3
DA:10,3
DA:11,3
LF:4
LH:4
BRDA:9,0,0,3
BRDA:9,0,1,1
BRF:2
BRH:2
end_of_record
TN:
SF:src/components/Sidebar/Sidebar.js
FN:30,(anonymous_0)
FN:41,(anonymous_1)
FN:45,(anonymous_2)
FN:46,(anonymous_3)
FN:52,(anonymous_4)
FN:69,(anonymous_5)
FN:77,(anonymous_6)
FNF:7
FNH:7
FNDA:6,(anonymous_0)
FNDA:16,(anonymous_1)
FNDA:12,(anonymous_2)
FNDA:6,(anonymous_3)
FNDA:12,(anonymous_4)
FNDA:2,(anonymous_5)
FNDA:2,(anonymous_6)
DA:21,2
DA:30,2
DA:31,6
DA:32,18
DA:33,18
DA:35,2
DA:41,2
DA:42,16
DA:43,16
DA:45,16
DA:46,12
DA:48,6
DA:49,6
DA:51,12
DA:52,12
DA:55,16
DA:69,2
DA:77,2
LF:18
LH:18
BRDA:33,0,0,4
BRDA:33,0,1,14
BRDA:33,1,0,18
BRDA:33,1,1,16
BRF:4
BRH:4
end_of_record
TN:
SF:src/components/Sidebar/SidebarMenu.js
FN:33,(anonymous_0)
FN:43,(anonymous_1)
FN:64,(anonymous_2)
FN:71,(anonymous_3)
FNF:4
FNH:4
FNDA:13,(anonymous_0)
FNDA:52,(anonymous_1)
FNDA:1,(anonymous_2)
FNDA:1,(anonymous_3)
DA:22,2
DA:33,2
DA:34,13
DA:35,13
DA:37,13
DA:38,13
DA:40,13
DA:44,52
DA:64,1
DA:71,1
LF:10
LH:10
BRDA:38,0,0,9
BRDA:38,0,1,4
BRDA:50,1,0,13
BRDA:50,1,1,39
BRDA:79,2,0,13
BRDA:79,2,1,0
BRDA:80,3,0,13
BRDA:80,3,1,0
BRDA:82,4,0,13
BRDA:82,4,1,0
BRF:10
BRH:7
end_of_record
TN:
SF:src/components/Sidebar/SidebarStyles.js
FNF:0
FNH:0
DA:23,3
DA:51,3
DA:71,3
DA:103,3
DA:117,3
DA:141,3
DA:184,3
DA:197,3
DA:208,3
LF:9
LH:9
BRF:0
BRH:0
end_of_record
TN:
SF:src/components/Skills/Skills.js
FN:18,(anonymous_0)
FN:25,(anonymous_1)
FN:30,(anonymous_2)
FNF:3
FNH:3
FNDA:9,(anonymous_0)
FNDA:34,(anonymous_1)
FNDA:203,(anonymous_2)
DA:18,2
DA:19,9
DA:21,9
DA:26,34
DA:31,203
LF:5
LH:5
BRF:0
BRH:0
end_of_record
TN:
SF:src/context/ThemeContext.js
FN:17,(anonymous_0)
FN:21,(anonymous_1)
FN:37,(anonymous_2)
FN:40,(anonymous_3)
FN:45,(anonymous_4)
FN:45,(anonymous_5)
FN:60,(anonymous_6)
FNF:7
FNH:6
FNDA:0,(anonymous_0)
FNDA:11,(anonymous_1)
FNDA:12,(anonymous_2)
FNDA:12,(anonymous_3)
FNDA:1,(anonymous_4)
FNDA:1,(anonymous_5)
FNDA:27,(anonymous_6)
DA:17,4
DA:19,4
DA:21,4
DA:22,11
DA:23,11
DA:24,11
DA:26,3
DA:37,4
DA:38,12
DA:40,12
DA:41,12
DA:42,12
DA:45,12
DA:47,12
DA:60,27
LF:15
LH:15
BRDA:24,0,0,8
BRDA:24,0,1,3
BRDA:24,1,0,11
BRDA:24,1,1,10
BRDA:45,2,0,1
BRDA:45,2,1,0
BRF:6
BRH:5
end_of_record
TN:
SF:src/data/cvAssets.config.js
FN:24,(anonymous_0)
FNF:1
FNH:1
FNDA:24,(anonymous_0)
DA:15,3
DA:24,3
DA:25,24
LF:3
LH:3
BRDA:25,0,0,18
BRDA:25,0,1,6
BRDA:25,1,0,24
BRDA:25,1,1,0
BRF:4
BRH:3
end_of_record
TN:
SF:src/data/projects.config.js
FNF:0
FNH:0
DA:36,0
LF:1
LH:0
BRF:0
BRH:0
end_of_record
TN:
SF:src/data/skills.config.js
FNF:0
FNH:0
DA:19,1
LF:1
LH:1
BRF:0
BRH:0
end_of_record
TN:
SF:src/i18n/index.js
FNF:0
FNH:0
DA:17,2
LF:1
LH:1
BRF:0
BRH:0
end_of_record
TN:
SF:src/styles/GlobalStyles.js
FNF:0
FNH:0
DA:14,1
LF:1
LH:1
BRF:0
BRH:0
end_of_record
